<?xml version="1.0" encoding="UTF-8"?>
<testng-results ignored="0" total="2" passed="2" failed="0" skipped="0">
  <reporter-output>
  </reporter-output>
  <suite started-at="2025-02-11T19:18:57 EST" name="Suite" finished-at="2025-02-11T19:19:15 EST" duration-ms="17984">
    <groups>
    </groups>
    <test started-at="2025-02-11T19:18:57 EST" name="Links of Page" finished-at="2025-02-11T19:19:09 EST" duration-ms="12100">
      <class name="practiceFramework.TestToGetAllLinksOfPage">
        <test-method is-config="true" signature="beforeClass(java.lang.String)[pri:0, instance:practiceFramework.TestToGetAllLinksOfPage@4f6ee6e4]" started-at="2025-02-11T19:18:57 EST" name="beforeClass" finished-at="2025-02-11T19:19:02 EST" duration-ms="4981" status="PASS">
          <params>
            <param index="0">
              <value>
                <![CDATA[remotefirefox]]>
              </value>
            </param>
          </params>
          <reporter-output>
          </reporter-output>
        </test-method> <!-- beforeClass -->
        <test-method signature="testToGetAllLinksOfPage()[pri:0, instance:practiceFramework.TestToGetAllLinksOfPage@4f6ee6e4]" started-at="2025-02-11T19:19:02 EST" name="testToGetAllLinksOfPage" finished-at="2025-02-11T19:19:08 EST" duration-ms="6215" status="PASS">
          <reporter-output>
          </reporter-output>
        </test-method> <!-- testToGetAllLinksOfPage -->
        <test-method is-config="true" signature="afterClass()[pri:0, instance:practiceFramework.TestToGetAllLinksOfPage@4f6ee6e4]" started-at="2025-02-11T19:19:08 EST" name="afterClass" finished-at="2025-02-11T19:19:09 EST" duration-ms="879" status="PASS">
          <reporter-output>
          </reporter-output>
        </test-method> <!-- afterClass -->
      </class> <!-- practiceFramework.TestToGetAllLinksOfPage -->
    </test> <!-- Links of Page -->
    <test started-at="2025-02-11T19:18:57 EST" name="StandAlone Test" finished-at="2025-02-11T19:19:15 EST" duration-ms="17984">
      <class name="practiceFramework.StandAloneTest">
        <test-method is-config="true" signature="beforeClass(java.lang.String)[pri:0, instance:practiceFramework.StandAloneTest@9597028]" started-at="2025-02-11T19:18:57 EST" name="beforeClass" finished-at="2025-02-11T19:19:05 EST" duration-ms="7794" status="PASS">
          <params>
            <param index="0">
              <value>
                <![CDATA[remotechrome]]>
              </value>
            </param>
          </params>
          <reporter-output>
          </reporter-output>
        </test-method> <!-- beforeClass -->
        <test-method signature="testStandAloneTest()[pri:0, instance:practiceFramework.StandAloneTest@9597028]" started-at="2025-02-11T19:19:05 EST" name="testStandAloneTest" finished-at="2025-02-11T19:19:15 EST" duration-ms="9995" status="PASS">
          <reporter-output>
          </reporter-output>
        </test-method> <!-- testStandAloneTest -->
        <test-method is-config="true" signature="afterClass()[pri:0, instance:practiceFramework.StandAloneTest@9597028]" started-at="2025-02-11T19:19:15 EST" name="afterClass" finished-at="2025-02-11T19:19:15 EST" duration-ms="183" status="PASS">
          <reporter-output>
          </reporter-output>
        </test-method> <!-- afterClass -->
      </class> <!-- practiceFramework.StandAloneTest -->
    </test> <!-- StandAlone Test -->
  </suite> <!-- Suite -->
</testng-results>
